<?xml version="1.0" encoding="UTF-8" ?>
<testsuite tests="21" failures="4" name="com.xebialabs.xltest.reference.mvnjunitcucumber.p1.MvnJunitCucumber1Test" time="0.008" errors="2" skipped="0">
  <properties>
    <property name="java.runtime.name" value="Java(TM) SE Runtime Environment"/>
    <property name="sun.boot.library.path" value="/Library/Java/JavaVirtualMachines/jdk1.8.0_45.jdk/Contents/Home/jre/lib"/>
    <property name="java.vm.version" value="25.45-b02"/>
    <property name="user.country.format" value="NL"/>
    <property name="gopherProxySet" value="false"/>
    <property name="java.vm.vendor" value="Oracle Corporation"/>
    <property name="maven.multiModuleProjectDirectory" value="/Users/jvanbekkum/work/reference-test-project/mvnjunitcucumber"/>
    <property name="java.vendor.url" value="http://java.oracle.com/"/>
    <property name="path.separator" value=":"/>
    <property name="guice.disable.misplaced.annotation.check" value="true"/>
    <property name="java.vm.name" value="Java HotSpot(TM) 64-Bit Server VM"/>
    <property name="file.encoding.pkg" value="sun.io"/>
    <property name="user.country" value="US"/>
    <property name="sun.java.launcher" value="SUN_STANDARD"/>
    <property name="sun.os.patch.level" value="unknown"/>
    <property name="java.vm.specification.name" value="Java Virtual Machine Specification"/>
    <property name="user.dir" value="/Users/jvanbekkum/work/reference-test-project/mvnjunitcucumber"/>
    <property name="java.runtime.version" value="1.8.0_45-b14"/>
    <property name="java.awt.graphicsenv" value="sun.awt.CGraphicsEnvironment"/>
    <property name="java.endorsed.dirs" value="/Library/Java/JavaVirtualMachines/jdk1.8.0_45.jdk/Contents/Home/jre/lib/endorsed"/>
    <property name="os.arch" value="x86_64"/>
    <property name="java.io.tmpdir" value="/var/folders/r_/fy8sk6jj1n5_8rpht75dxw0r0000gp/T/"/>
    <property name="line.separator" value="
"/>
    <property name="java.vm.specification.vendor" value="Oracle Corporation"/>
    <property name="os.name" value="Mac OS X"/>
    <property name="classworlds.conf" value="/usr/local/Cellar/maven/3.3.3/libexec/bin/m2.conf"/>
    <property name="sun.jnu.encoding" value="UTF-8"/>
    <property name="java.library.path" value="/Users/jvanbekkum/Library/Java/Extensions:/Library/Java/Extensions:/Network/Library/Java/Extensions:/System/Library/Java/Extensions:/usr/lib/java:."/>
    <property name="java.specification.name" value="Java Platform API Specification"/>
    <property name="java.class.version" value="52.0"/>
    <property name="sun.management.compiler" value="HotSpot 64-Bit Tiered Compilers"/>
    <property name="os.version" value="10.10.5"/>
    <property name="http.nonProxyHosts" value="local|*.local|169.254/16|*.169.254/16"/>
    <property name="user.home" value="/Users/jvanbekkum"/>
    <property name="user.timezone" value="Europe/Amsterdam"/>
    <property name="java.awt.printerjob" value="sun.lwawt.macosx.CPrinterJob"/>
    <property name="java.specification.version" value="1.8"/>
    <property name="file.encoding" value="UTF-8"/>
    <property name="user.name" value="jvanbekkum"/>
    <property name="java.class.path" value="/usr/local/Cellar/maven/3.3.3/libexec/boot/plexus-classworlds-2.5.2.jar"/>
    <property name="java.vm.specification.version" value="1.8"/>
    <property name="sun.arch.data.model" value="64"/>
    <property name="java.home" value="/Library/Java/JavaVirtualMachines/jdk1.8.0_45.jdk/Contents/Home/jre"/>
    <property name="sun.java.command" value="org.codehaus.plexus.classworlds.launcher.Launcher test"/>
    <property name="java.specification.vendor" value="Oracle Corporation"/>
    <property name="user.language" value="en"/>
    <property name="awt.toolkit" value="sun.lwawt.macosx.LWCToolkit"/>
    <property name="java.vm.info" value="mixed mode"/>
    <property name="java.version" value="1.8.0_45"/>
    <property name="java.ext.dirs" value="/Users/jvanbekkum/Library/Java/Extensions:/Library/Java/JavaVirtualMachines/jdk1.8.0_45.jdk/Contents/Home/jre/lib/ext:/Library/Java/Extensions:/Network/Library/Java/Extensions:/System/Library/Java/Extensions:/usr/lib/java"/>
    <property name="sun.boot.class.path" value="/Library/Java/JavaVirtualMachines/jdk1.8.0_45.jdk/Contents/Home/jre/lib/resources.jar:/Library/Java/JavaVirtualMachines/jdk1.8.0_45.jdk/Contents/Home/jre/lib/rt.jar:/Library/Java/JavaVirtualMachines/jdk1.8.0_45.jdk/Contents/Home/jre/lib/sunrsasign.jar:/Library/Java/JavaVirtualMachines/jdk1.8.0_45.jdk/Contents/Home/jre/lib/jsse.jar:/Library/Java/JavaVirtualMachines/jdk1.8.0_45.jdk/Contents/Home/jre/lib/jce.jar:/Library/Java/JavaVirtualMachines/jdk1.8.0_45.jdk/Contents/Home/jre/lib/charsets.jar:/Library/Java/JavaVirtualMachines/jdk1.8.0_45.jdk/Contents/Home/jre/lib/jfr.jar:/Library/Java/JavaVirtualMachines/jdk1.8.0_45.jdk/Contents/Home/jre/classes"/>
    <property name="java.vendor" value="Oracle Corporation"/>
    <property name="maven.home" value="/usr/local/Cellar/maven/3.3.3/libexec"/>
    <property name="file.separator" value="/"/>
    <property name="java.vendor.url.bug" value="http://bugreport.sun.com/bugreport/"/>
    <property name="sun.cpu.endian" value="little"/>
    <property name="sun.io.unicode.encoding" value="UnicodeBig"/>
    <property name="socksNonProxyHosts" value="local|*.local|169.254/16|*.169.254/16"/>
    <property name="ftp.nonProxyHosts" value="local|*.local|169.254/16|*.169.254/16"/>
    <property name="sun.cpu.isalist" value=""/>
  </properties>
  <testcase classname="Scenario: Perform a reference test" name="Given a test with parameter 3" time="0.002"/>
  <testcase classname="Scenario: Perform a reference test" name="When and another parameter &apos;a&apos;" time="0"/>
  <testcase classname="Scenario: Perform a reference test" name="Then we still succeed" time="0"/>
  <testcase classname="Scenario: Perform a reference test" name="And we still fail" time="0.002">
    <failure type="java.lang.AssertionError">java.lang.AssertionError
	at org.junit.Assert.fail(Assert.java:86)
	at org.junit.Assert.assertTrue(Assert.java:41)
	at org.junit.Assert.assertTrue(Assert.java:52)
	at com.xebialabs.xltest.reference.mvnjunitcucumber.p1.MvnJunitCucumber1Steps.willFail2(MvnJunitCucumber1Steps.java:50)
	at ✽.And we still fail(com/xebialabs/xltest/reference/mvnjunitcucumber/p1/FailureWithParametersTest.feature:8)
</failure>
  </testcase>
  <testcase classname="Scenario: Perform a reference test" name="Scenario: Perform a reference test" time="0.002">
    <failure type="java.lang.AssertionError">java.lang.AssertionError
	at org.junit.Assert.fail(Assert.java:86)
	at org.junit.Assert.assertTrue(Assert.java:41)
	at org.junit.Assert.assertTrue(Assert.java:52)
	at com.xebialabs.xltest.reference.mvnjunitcucumber.p1.MvnJunitCucumber1Steps.willFail2(MvnJunitCucumber1Steps.java:50)
	at ✽.And we still fail(com/xebialabs/xltest/reference/mvnjunitcucumber/p1/FailureWithParametersTest.feature:8)
</failure>
  </testcase>
  <testcase classname="Scenario: Perform a reference test" name="Given a test without parameters" time="0"/>
  <testcase classname="Scenario: Perform a reference test" name="When doing nothing" time="0"/>
  <testcase classname="Scenario: Perform a reference test" name="Then I will succeed" time="0"/>
  <testcase classname="Scenario: Perform a reference test" name="Then I will succeed" time="0"/>
  <testcase classname="Scenario: Perform a reference test" name="Given a test with parameter 3" time="0.001"/>
  <testcase classname="Scenario: Perform a reference test" name="When and another parameter &apos;a&apos;" time="0"/>
  <testcase classname="Scenario: Perform a reference test" name="Then we still succeed" time="0"/>
  <testcase classname="Scenario: Perform a reference test" name="Scenario: Perform a reference test" time="0"/>
  <testcase classname="Scenario: Perform a reference test" name="Given a test without parameters" time="0"/>
  <testcase classname="Scenario: Perform a reference test" name="When doing nothing" time="0"/>
  <testcase classname="Scenario: Perform a reference test" name="Then I will succeed" time="0"/>
  <testcase classname="Scenario: Perform a reference test" name="And I will fail" time="0">
    <failure type="java.lang.AssertionError">java.lang.AssertionError
	at org.junit.Assert.fail(Assert.java:86)
	at org.junit.Assert.assertTrue(Assert.java:41)
	at org.junit.Assert.assertTrue(Assert.java:52)
	at com.xebialabs.xltest.reference.mvnjunitcucumber.p1.MvnJunitCucumber1Steps.willFail(MvnJunitCucumber1Steps.java:26)
	at ✽.And I will fail(com/xebialabs/xltest/reference/mvnjunitcucumber/p1/MvnJunitCucumber2Test.feature:8)
</failure>
  </testcase>
  <testcase classname="Scenario: Perform a reference test" name="Scenario: Perform a reference test" time="0.001">
    <failure type="java.lang.AssertionError">java.lang.AssertionError
	at org.junit.Assert.fail(Assert.java:86)
	at org.junit.Assert.assertTrue(Assert.java:41)
	at org.junit.Assert.assertTrue(Assert.java:52)
	at com.xebialabs.xltest.reference.mvnjunitcucumber.p1.MvnJunitCucumber1Steps.willFail(MvnJunitCucumber1Steps.java:26)
	at ✽.And I will fail(com/xebialabs/xltest/reference/mvnjunitcucumber/p1/MvnJunitCucumber2Test.feature:8)
</failure>
  </testcase>
  <testcase classname="Scenario: Perform a reference test" name="Given a test without parameters" time="0"/>
  <testcase classname="Scenario: Perform a reference test" name="Then I will throw" time="0">
    <error message="Boom!" type="java.lang.RuntimeException">java.lang.RuntimeException: Boom!
	at com.xebialabs.xltest.reference.mvnjunitcucumber.p1.MvnJunitCucumber1Steps.willThrow(MvnJunitCucumber1Steps.java:31)
	at ✽.Then I will throw(com/xebialabs/xltest/reference/mvnjunitcucumber/p1/MvnJunitCucumber3Test.feature:6)
</error>
  </testcase>
  <testcase classname="Scenario: Perform a reference test" name="Scenario: Perform a reference test" time="0">
    <error message="Boom!" type="java.lang.RuntimeException">java.lang.RuntimeException: Boom!
	at com.xebialabs.xltest.reference.mvnjunitcucumber.p1.MvnJunitCucumber1Steps.willThrow(MvnJunitCucumber1Steps.java:31)
	at ✽.Then I will throw(com/xebialabs/xltest/reference/mvnjunitcucumber/p1/MvnJunitCucumber3Test.feature:6)
</error>
  </testcase>
</testsuite>